<?xml version="1.0" encoding="UTF-8"?>
<testsuite name="registerTests.registerTests.registerTests" tests="2" skipped="1" failures="0" errors="0" timestamp="2017-06-09T17:23:27" hostname="DESKTOP-T462JM9" time="0.134">
  <properties/>
  <testcase name="loginTest" classname="registerTests.registerTests.registerTests" time="0.0">
    <skipped/>
  </testcase>
  <testcase name="registerWithPeselTooShortTest" classname="registerTests.registerTests.registerTests" time="0.134"/>
  <system-out><![CDATA[]]></system-out>
  <system-err><![CDATA[cze 09, 2017 7:23:27 PM org.hibernate.engine.jdbc.connections.internal.DriverManagerConnectionProviderImpl configure
WARN: HHH10001002: Using Hibernate built-in connection pool (not for production use!)
cze 09, 2017 7:23:27 PM org.hibernate.engine.jdbc.connections.internal.DriverManagerConnectionProviderImpl buildCreator
INFO: HHH10001005: using driver [org.h2.Driver] at URL [jdbc:h2:mem:]
cze 09, 2017 7:23:27 PM org.hibernate.engine.jdbc.connections.internal.DriverManagerConnectionProviderImpl buildCreator
INFO: HHH10001001: Connection properties: {}
cze 09, 2017 7:23:27 PM org.hibernate.engine.jdbc.connections.internal.DriverManagerConnectionProviderImpl buildCreator
INFO: HHH10001003: Autocommit mode: false
cze 09, 2017 7:23:27 PM org.hibernate.engine.jdbc.connections.internal.PooledConnections <init>
INFO: HHH000115: Hibernate connection pool size: 20 (min=1)
cze 09, 2017 7:23:27 PM org.hibernate.dialect.Dialect <init>
INFO: HHH000400: Using dialect: org.hibernate.dialect.H2Dialect
cze 09, 2017 7:23:28 PM org.hibernate.resource.transaction.backend.jdbc.internal.DdlTransactionIsolatorNonJtaImpl getIsolatedConnection
INFO: HHH10001501: Connection obtained from JdbcConnectionAccess [org.hibernate.engine.jdbc.env.internal.JdbcEnvironmentInitiator$ConnectionProviderJdbcConnectionAccess@77866491] for (non-JTA) DDL execution was not in auto-commit mode; the Connection 'local transaction' will be committed and the Connection will be set into auto-commit mode.
]]></system-err>
</testsuite>
